2150bf2|5d64c87|7d5144a|2020-12-10 22:42:51 -0800|nicholas.trout@wsu.edu|Nic Trout|2020-12-10 22:42:51 -0800|nicholas.trout@wsu.edu|Nic Trout||adding-nlp-files|adding nlp files|	 3 files changed, 1163 insertions(+)	
7d5144a|f68d50c|641731e|2020-12-10 15:03:56 -0800|nicholas.trout@wsu.edu|Nic Trout|2020-12-10 15:03:56 -0800|nicholas.trout@wsu.edu|Nic Trout||updating-functions|updating functions|	 5 files changed, 2673 insertions(+)	
641731e|933d2b4|84b06e2|2020-12-03 11:17:30 -0800|nicholas.trout@wsu.edu|Nic Trout|2020-12-03 11:17:30 -0800|nicholas.trout@wsu.edu|Nic Trout||features-for-classification|features for classification|	 1 file changed, 613 insertions(+)	
84b06e2|fc82291|e9009df|2020-11-30 12:03:12 -0800|nicholas.trout@wsu.edu|Nic Trout|2020-11-30 12:03:12 -0800|nicholas.trout@wsu.edu|Nic Trout||intro-to-classification|intro to classification|	 1 file changed, 1086 insertions(+)	
e9009df|13be219|e38ce10|2020-11-21 21:21:47 -0800|nicholas.trout@wsu.edu|Nic Trout|2020-11-21 21:21:47 -0800|nicholas.trout@wsu.edu|Nic Trout||adding-computational-evolution-notebook|adding computational evolution notebook|	 187 files changed, 2834 insertions(+)	
e38ce10|bc6afa6|7268db8|2020-11-10 23:03:18 -0800|nicholas.trout@wsu.edu|Nic Trout|2020-11-10 23:03:18 -0800|nicholas.trout@wsu.edu|Nic Trout||adding-project-file|adding project file|	 95 files changed, 8188 insertions(+)	
7268db8|51f09ef|1992600|2020-11-10 20:42:25 -0800|nicholas.trout@wsu.edu|Nic Trout|2020-11-10 20:42:25 -0800|nicholas.trout@wsu.edu|Nic Trout||biblio-update|biblio update|	 1 file changed, 217 insertions(+), 4 deletions(-)	
1992600|0d3d3e6|4d2ed9c|2020-11-10 15:25:19 -0800|nicholas.trout@wsu.edu|Nic Trout|2020-11-10 15:25:19 -0800|nicholas.trout@wsu.edu|Nic Trout||editing-functions|editing functions|	 1 file changed, 2 insertions(+), 1 deletion(-)	
4d2ed9c|3de2a3d|9dcc0cc|2020-11-10 13:42:40 -0800|nicholas.trout@wsu.edu|Nic Trout|2020-11-10 13:42:40 -0800|nicholas.trout@wsu.edu|Nic Trout||adding-boxplot-function|adding boxplot function|	 1 file changed, 34 insertions(+), 13 deletions(-)	
9dcc0cc|2ee0dc3|dd3f49a|2020-11-09 13:34:19 -0800|nicholas.trout@wsu.edu|Nic Trout|2020-11-09 13:34:19 -0800|nicholas.trout@wsu.edu|Nic Trout||changing-measure-proportion-function|changing measure proportion function|	 1 file changed, 2 insertions(+), 2 deletions(-)	
dd3f49a|9fb8750|120ce84|2020-11-09 10:13:11 -0800|nicholas.trout@wsu.edu|Nic Trout|2020-11-09 10:13:11 -0800|nicholas.trout@wsu.edu|Nic Trout||adding-new-plot-functions|adding new plot functions|	 1 file changed, 40 insertions(+), 6 deletions(-)	
120ce84|66e75c8|8973cd2|2020-11-08 10:18:01 -0800|nicholas.trout@wsu.edu|Nic Trout|2020-11-08 10:18:01 -0800|nicholas.trout@wsu.edu|Nic Trout||fixing-functions|fixing functions|	 1 file changed, 2 insertions(+), 3 deletions(-)	
8973cd2|bf6e198|a91163f|2020-11-08 09:40:13 -0800|nicholas.trout@wsu.edu|Nic Trout|2020-11-08 09:40:13 -0800|nicholas.trout@wsu.edu|Nic Trout||fixing-functions|fixing functions|	 1 file changed, 1 insertion(+), 1 deletion(-)	
a91163f|ada84dc|d6eb492|2020-11-08 09:24:48 -0800|nicholas.trout@wsu.edu|Nic Trout|2020-11-08 09:24:48 -0800|nicholas.trout@wsu.edu|Nic Trout||fixing-functions|fixing functions|	 1 file changed, 47 insertions(+), 19 deletions(-)	
d6eb492|c66e103|bd41f91|2020-11-07 10:19:04 -0800|nicholas.trout@wsu.edu|Nic Trout|2020-11-07 10:19:04 -0800|nicholas.trout@wsu.edu|Nic Trout||fixing-functions|fixing functions|	 1 file changed, 29 insertions(+), 7 deletions(-)	
bd41f91|6a1de50|2865678|2020-11-06 13:26:30 -0800|nicholas.trout@wsu.edu|Nic Trout|2020-11-06 13:26:30 -0800|nicholas.trout@wsu.edu|Nic Trout||adding-functions|adding functions|	 1 file changed, 74 insertions(+)	
2865678|a921242|d95bb50|2020-11-02 21:01:43 -0800|nicholas.trout@wsu.edu|Nic Trout|2020-11-02 21:01:43 -0800|nicholas.trout@wsu.edu|Nic Trout||Week-7|Week 7|	 99 files changed, 11660 insertions(+)	
d95bb50|8724f77|46a3486|2020-10-27 16:46:04 -0700|nicholas.trout@wsu.edu|Nic Trout|2020-10-27 16:46:04 -0700|nicholas.trout@wsu.edu|Nic Trout||Exam-1|Exam 1|	 5 files changed, 8586 insertions(+)	
46a3486|61a8ff2|c716f8c d3bac9c|2020-10-17 20:05:25 -0700|nic@leantime.io|Nic Trout|2020-10-17 20:05:25 -0700|nic@leantime.io|Nic Trout||Merge-branch-master-of-github.com-njtrout-WSU_STATS419_FALL2020|Merge branch 'master' of github.com:njtrout/WSU_STATS419_FALL2020|	c716f8c|15ff111|52b0dc3|2020-10-17 19:03:58 -0700|nic@leantime.io|Nic Trout|2020-10-17 19:03:58 -0700|nic@leantime.io|Nic Trout||Week-6-corrlation-notebook|Week 6 corrlation notebook|	 1 file changed, 1 insertion(+), 1 deletion(-)
	52b0dc3|5bec0b9|31b52a3|2020-10-17 19:00:59 -0700|nic@leantime.io|Nic Trout|2020-10-17 19:00:59 -0700|nic@leantime.io|Nic Trout||Week-6-correlation|Week 6 correlation|	 1 file changed, 635 insertions(+)
	d3bac9c|e42b5a2|31b52a3|2020-09-28 20:29:14 -0700|55458121+njtrout@users.noreply.github.com|njtrout|2020-09-28 20:29:14 -0700|noreply@github.com|GitHub||Delete-03_datasets_writeup.docx|Delete 03_datasets_writeup.docx|useless file	 1 file changed, 0 insertions(+), 0 deletions(-)
	31b52a3|ea559aa|f3a3e1a|2020-09-28 20:23:48 -0700|nic@leantime.io|Nic Trout|2020-09-28 20:23:48 -0700|nic@leantime.io|Nic Trout||adding-comments-editing-week-5-file|adding comments/editing week 5 file|	 1 file changed, 6 insertions(+), 7 deletions(-)
	f3a3e1a|9222228|955bebe|2020-09-28 19:15:54 -0700|nic@leantime.io|Nic Trout|2020-09-28 19:15:54 -0700|nic@leantime.io|Nic Trout||updating-files|updating files|	 40 files changed, 27996 insertions(+), 36 deletions(-)
	955bebe|0b0a0b6|ff882dc|2020-09-21 11:26:32 -0700|nic@leantime.io|Nic Trout|2020-09-21 11:26:32 -0700|nic@leantime.io|Nic Trout||adding-the-rest-of-the-function-files|adding the rest of the function files|	 10 files changed, 2306 insertions(+)
	ff882dc|d9a8924|c5b8ce3|2020-09-13 15:55:06 -0700|nic@leantime.io|Nic Trout|2020-09-13 15:55:06 -0700|nic@leantime.io|Nic Trout||adding-latex-files|adding latex files|	 1 file changed, 126 insertions(+)
	c5b8ce3|56844e8|f529fe5|2020-09-12 19:11:35 -0700|nic@leantime.io|Nic Trout|2020-09-12 19:11:35 -0700|nic@leantime.io|Nic Trout||adding-data-to-imdb-file|adding data to imdb file|	 4 files changed, 624 insertions(+)
	f529fe5|3565722|1522756|2020-09-12 18:13:32 -0700|nic@leantime.io|Nic Trout|2020-09-12 18:13:32 -0700|nic@leantime.io|Nic Trout||adding-functions-imdb|adding functions-imdb|	 1 file changed, 0 insertions(+), 0 deletions(-)
	1522756|0c74724|f5cbf5e|2020-09-12 17:06:27 -0700|nic@leantime.io|Nic Trout|2020-09-12 17:06:27 -0700|nic@leantime.io|Nic Trout||basic-common-functions|basic common functions|	 8 files changed, 1573 insertions(+)
	f5cbf5e|bce9b50|8f61994|2020-09-12 13:55:31 -0700|nic@leantime.io|Nic Trout|2020-09-12 13:55:31 -0700|nic@leantime.io|Nic Trout||adding-files|adding files|	 4 files changed, 2024 insertions(+)
	8f61994|ce9fd98||2020-09-12 12:55:28 -0700|55458121+njtrout@users.noreply.github.com|njtrout|2020-09-12 12:55:28 -0700|noreply@github.com|GitHub||Initial-commit|Initial commit|	 3 files changed, 61 insertions(+)
